[24Jun2025 00:00:02.667] [Server thread/INFO] [net.minecraft.server.MinecraftServer/]: Koko_de_Nos has made the advancement [Sweet Dreams]
[24Jun2025 00:00:05.065] [Server thread/INFO] [net.minecraft.server.MinecraftServer/]: [Not Secure] <Koko_de_Nos> zzz
[24Jun2025 00:00:08.117] [Server thread/INFO] [net.minecraft.server.players.PlayerList/]: suranium[/127.77.119.93:40565] logged in with entity id 8502 at (-159.0500756813625, 70.0, -47.66981220953048)
[24Jun2025 00:00:08.122] [Server thread/INFO] [net.minecraft.server.MinecraftServer/]: suranium joined the game
[24Jun2025 00:01:09.933] [Server thread/INFO] [net.minecraft.server.network.ServerGamePacketListenerImpl/]: MrIMirror lost connection: Disconnected
[24Jun2025 00:01:09.934] [Server thread/INFO] [net.minecraft.server.MinecraftServer/]: MrIMirror left the game
[24Jun2025 00:01:12.983] [Server thread/INFO] [net.minecraft.server.MinecraftServer/]: Koko_de_Nos was shot by Pillager
[24Jun2025 00:02:01.955] [Server thread/INFO] [net.minecraft.server.MinecraftServer/]: Koko_de_Nos has made the advancement [Rotten to the Core]
[24Jun2025 00:02:49.746] [Server thread/INFO] [net.minecraft.server.MinecraftServer/]: suranium was slain by Ghost
[24Jun2025 00:03:30.023] [Server thread/INFO] [net.minecraft.server.players.PlayerList/]: MrIMirror[/127.140.165.134:44111] logged in with entity id 11223 at (51.56572727720535, 68.0, 240.70980436398145)
[24Jun2025 00:03:30.053] [Server thread/INFO] [net.minecraft.server.MinecraftServer/]: MrIMirror joined the game
[24Jun2025 00:03:56.961] [Server thread/INFO] [net.minecraft.server.MinecraftServer/]: suranium has made the advancement [Suit Up]
[24Jun2025 00:03:57.912] [Server thread/INFO] [net.minecraft.server.MinecraftServer/]: suranium was slain by Ghost
[24Jun2025 00:05:45.035] [Server thread/INFO] [net.minecraft.server.MinecraftServer/]: suranium has made the advancement [Getting an Upgrade]
[24Jun2025 00:06:00.144] [Server thread/WARN] [net.minecraft.server.network.ServerGamePacketListenerImpl/]: MrIMirror moved wrongly!
[24Jun2025 00:06:00.194] [Server thread/INFO] [net.minecraft.server.MinecraftServer/]: MrIMirror has made the advancement [Crawling in my Bark]
[24Jun2025 00:07:27.763] [Server thread/INFO] [net.minecraft.server.MinecraftServer/]: suranium has made the advancement [Who You Gonna Call?]
[24Jun2025 00:07:38.524] [Server thread/INFO] [net.minecraft.server.MinecraftServer/]: suranium has made the advancement [Acquire Hardware]
[24Jun2025 00:07:40.199] [Server thread/INFO] [net.minecraft.server.network.ServerGamePacketListenerImpl/]: MrIMirror lost connection: Disconnected
[24Jun2025 00:07:40.200] [Server thread/INFO] [net.minecraft.server.MinecraftServer/]: MrIMirror left the game
[24Jun2025 00:07:43.738] [Server thread/WARN] [net.minecraft.server.network.ServerGamePacketListenerImpl/]: Boat (vehicle of Koko_de_Nos) moved wrongly! 1.1438381750044186
[24Jun2025 00:07:43.774] [Server thread/WARN] [net.minecraft.server.network.ServerGamePacketListenerImpl/]: Boat (vehicle of Koko_de_Nos) moved wrongly! 1.428111142380601
[24Jun2025 00:07:43.851] [Server thread/WARN] [net.minecraft.server.network.ServerGamePacketListenerImpl/]: Boat (vehicle of Koko_de_Nos) moved wrongly! 1.711233295737543
[24Jun2025 00:07:43.852] [Server thread/WARN] [net.minecraft.server.network.ServerGamePacketListenerImpl/]: Boat (vehicle of Koko_de_Nos) moved wrongly! 2.1033337934453584
[24Jun2025 00:07:45.002] [Server thread/WARN] [net.minecraft.server.network.ServerGamePacketListenerImpl/]: Boat (vehicle of Koko_de_Nos) moved wrongly! 0.4018751524711206
[24Jun2025 00:07:45.053] [Server thread/WARN] [net.minecraft.server.network.ServerGamePacketListenerImpl/]: Boat (vehicle of Koko_de_Nos) moved wrongly! 0.43432895187686427
[24Jun2025 00:07:45.337] [Server thread/WARN] [net.minecraft.server.network.ServerGamePacketListenerImpl/]: Boat (vehicle of Koko_de_Nos) moved wrongly! 0.2955620866703157
[24Jun2025 00:07:45.404] [Server thread/WARN] [net.minecraft.server.network.ServerGamePacketListenerImpl/]: Boat (vehicle of Koko_de_Nos) moved wrongly! 0.26440707687686427
[24Jun2025 00:08:41.312] [Server thread/INFO] [net.minecraft.server.MinecraftServer/]: suranium has made the advancement [Alex's Caves]
[24Jun2025 00:08:48.248] [Server thread/INFO] [net.minecraft.server.MinecraftServer/]: Koko_de_Nos has made the advancement [Alex's Caves]
[24Jun2025 00:09:04.499] [Server thread/INFO] [net.minecraft.server.MinecraftServer/]: suranium has made the advancement [It Belongs in a Museum]
[24Jun2025 00:09:05.311] [Server thread/INFO] [net.minecraft.server.players.PlayerList/]: MrIMirror[/127.140.165.134:50381] logged in with entity id 15426 at (-523.0376390217849, 88.0, 436.81401189293337)
[24Jun2025 00:09:05.326] [Server thread/INFO] [net.minecraft.server.MinecraftServer/]: MrIMirror joined the game
[24Jun2025 00:12:06.102] [Server thread/INFO] [net.minecraft.server.MinecraftServer/]: Koko_de_Nos has made the advancement [It Belongs in a Museum]
[24Jun2025 00:13:19.020] [Server thread/INFO] [net.minecraft.server.MinecraftServer/]: MrIMirror has made the advancement [Mine? Mine? Mine?]
[24Jun2025 00:13:19.487] [Server thread/INFO] [net.minecraft.server.MinecraftServer/]: suranium drowned whilst trying to escape Drowned
[24Jun2025 00:16:02.587] [Server thread/INFO] [net.minecraft.server.MinecraftServer/]: MrIMirror has made the advancement [Suit Up]
[24Jun2025 00:16:04.347] [Server thread/INFO] [net.minecraft.server.MinecraftServer/]: MrIMirror has made the advancement [Tip of the Spear]
[24Jun2025 00:16:04.710] [Server thread/INFO] [net.minecraft.server.MinecraftServer/]: MrIMirror has made the advancement [An Assassin's Need]
[24Jun2025 00:16:33.470] [Server thread/INFO] [net.minecraft.server.MinecraftServer/]: suranium drowned
[24Jun2025 00:18:44.891] [Server thread/INFO] [net.minecraft.server.network.ServerGamePacketListenerImpl/]: suranium lost connection: Disconnected
[24Jun2025 00:18:44.891] [Server thread/INFO] [net.minecraft.server.MinecraftServer/]: suranium left the game
[24Jun2025 00:18:55.671] [Server thread/INFO] [net.minecraft.server.players.PlayerList/]: suranium[/127.77.119.93:41279] logged in with entity id 25063 at (79.43930105812133, 64.0, -287.56737081938604)
[24Jun2025 00:18:55.686] [Server thread/INFO] [net.minecraft.server.MinecraftServer/]: suranium joined the game
[24Jun2025 00:19:41.848] [Server thread/INFO] [net.minecraft.server.MinecraftServer/]: suranium was slain by Ghost
[24Jun2025 00:26:47.529] [Server thread/INFO] [net.minecraft.server.network.ServerGamePacketListenerImpl/]: MrIMirror lost connection: Disconnected
[24Jun2025 00:26:47.533] [Server thread/INFO] [net.minecraft.server.MinecraftServer/]: MrIMirror left the game
[24Jun2025 00:29:04.765] [Server thread/INFO] [net.minecraft.server.MinecraftServer/]: suranium has made the advancement [Mine? Mine? Mine?]
[24Jun2025 00:29:18.652] [Server thread/INFO] [net.minecraft.server.players.PlayerList/]: MrIMirror[/127.140.165.134:55821] logged in with entity id 37321 at (-1054.8012471816562, 64.0, 1353.3969430516556)
[24Jun2025 00:29:18.691] [Server thread/INFO] [net.minecraft.server.MinecraftServer/]: MrIMirror joined the game
[24Jun2025 00:29:28.018] [Server thread/INFO] [net.minecraft.server.MinecraftServer/]: Stopping server
[24Jun2025 00:29:28.024] [Server thread/INFO] [net.minecraft.server.MinecraftServer/]: Saving players
[24Jun2025 00:29:28.139] [Server thread/INFO] [net.minecraft.server.network.ServerGamePacketListenerImpl/]: Koko_de_Nos lost connection: Server closed
[24Jun2025 00:29:28.140] [Server thread/INFO] [net.minecraft.server.MinecraftServer/]: Koko_de_Nos left the game
[24Jun2025 00:29:28.175] [Server thread/INFO] [net.minecraft.server.MinecraftServer/]: Saving worlds
